#! /usr/share/iverilog-0.9.7/bin/vvp
:ivl_version "0.9.7 " "(v0_9_6)";
:vpi_time_precision + 0;
:vpi_module "system";
:vpi_module "v2005_math";
:vpi_module "va_math";
S_0x25a6760 .scope module, "Teste_One_Time_Pad" "Teste_One_Time_Pad" 2 1;
 .timescale 0 0;
P_0x25814c8 .param/l "BITS" 2 1, +C4<01000000>;
v0x25c05b0_0 .var "a", 0 0;
v0x25c0680_0 .var "b", 0 0;
v0x25c0730_0 .var/i "bits_counter", 31 0;
v0x25c07b0_0 .var/i "bits_per_group", 31 0;
v0x25c0860_0 .var "ciphered_message", 63 0;
v0x25c08e0_0 .var "deciphered_message", 63 0;
v0x25c09c0_0 .var/i "i", 31 0;
v0x25c0a60_0 .var "in", 63 0;
v0x25c0b50_0 .var "otp", 31 0;
v0x25c0bf0_0 .net "out", 0 0, L_0x25c11b0; 1 drivers
S_0x25a39f0 .scope module, "xorg" "xor_gate" 2 12, 3 1, S_0x25a6760;
 .timescale 0 0;
L_0x25c11b0 .functor XOR 1, v0x25c05b0_0, v0x25c0680_0, C4<0>, C4<0>;
v0x25a4f40_0 .net "a", 0 0, v0x25c05b0_0; 1 drivers
v0x25c0470_0 .net "b", 0 0, v0x25c0680_0; 1 drivers
v0x25c0510_0 .alias "out", 0 0, v0x25c0bf0_0;
S_0x25a6850 .scope module, "stream_cipher" "stream_cipher" 3 7;
 .timescale 0 0;
P_0x25a4be8 .param/l "BITS" 3 7, +C4<01000000>;
v0x25c0d20_0 .var "ciphered_message", 63 0;
v0x25c0de0_0 .net "clk", 0 0, C4<z>; 0 drivers
v0x25c0e80_0 .var "deciphered_message", 63 0;
v0x25c0f20_0 .net "message", 63 0, C4<zzzzzzzzzzzzzzzzzzzzzzzzzzzzzzzzzzzzzzzzzzzzzzzzzzzzzzzzzzzzzzzz>; 0 drivers
v0x25c0fd0_0 .net "otp", 31 0, C4<zzzzzzzzzzzzzzzzzzzzzzzzzzzzzzzz>; 0 drivers
v0x25c1070_0 .net "rst", 0 0, C4<z>; 0 drivers
v0x25c1110_0 .var "shift_register_out", 63 0;
E_0x25c0cd0 .event posedge, v0x25c1070_0, v0x25c0de0_0;
    .scope S_0x25a6760;
T_0 ;
    %movi 8, 1634494575, 32;
    %movi 40, 1953653090, 32;
    %set/v v0x25c0a60_0, 8, 64;
    %end;
    .thread T_0;
    .scope S_0x25a6760;
T_1 ;
    %movi 8, 1667853923, 32;
    %set/v v0x25c0b50_0, 8, 32;
    %end;
    .thread T_1;
    .scope S_0x25a6760;
T_2 ;
    %vpi_call 2 20 "$dumpfile", "dump.vcd";
    %vpi_call 2 21 "$dumpvars", 2'sb01, v0x25c05b0_0, v0x25c0680_0, v0x25c0bf0_0, v0x25c0860_0, v0x25c08e0_0;
    %end;
    .thread T_2;
    .scope S_0x25a6760;
T_3 ;
    %movi 8, 8, 32;
    %set/v v0x25c07b0_0, 8, 32;
    %end;
    .thread T_3;
    .scope S_0x25a6760;
T_4 ;
    %set/v v0x25c0730_0, 0, 32;
    %end;
    .thread T_4;
    .scope S_0x25a6760;
T_5 ;
    %vpi_call 2 30 "$display", "mensagem = %b (%s)", v0x25c0a60_0, v0x25c0a60_0;
    %vpi_call 2 31 "$display", "chave = %b", v0x25c0b50_0;
    %vpi_call 2 32 "$display", "mensagem cifrada = ";
    %movi 8, 63, 32;
    %set/v v0x25c09c0_0, 8, 32;
T_5.0 ;
    %load/v 8, v0x25c09c0_0, 32;
    %cmp/s 0, 8, 32;
    %or 5, 4, 1;
    %jmp/0xz T_5.1, 5;
    %ix/getv/s 1, v0x25c09c0_0;
    %jmp/1 T_5.2, 4;
    %load/x1p 8, v0x25c0a60_0, 1;
    %jmp T_5.3;
T_5.2 ;
    %mov 8, 2, 1;
T_5.3 ;
; Save base=8 wid=1 in lookaside.
    %set/v v0x25c05b0_0, 8, 1;
    %movi 8, 32, 32;
    %load/v 40, v0x25c09c0_0, 32;
    %cmp/s 8, 40, 32;
    %or 5, 4, 1;
    %mov 8, 5, 1;
    %jmp/0  T_5.4, 8;
    %load/v 9, v0x25c09c0_0, 32;
    %subi 9, 32, 32;
    %ix/get/s 1, 9, 32;
    %jmp/1 T_5.7, 4;
    %load/x1p 9, v0x25c0b50_0, 1;
    %jmp T_5.8;
T_5.7 ;
    %mov 9, 2, 1;
T_5.8 ;
; Save base=9 wid=1 in lookaside.
    %jmp/1  T_5.6, 8;
T_5.4 ; End of true expr.
    %ix/getv/s 1, v0x25c09c0_0;
    %jmp/1 T_5.9, 4;
    %load/x1p 10, v0x25c0b50_0, 1;
    %jmp T_5.10;
T_5.9 ;
    %mov 10, 2, 1;
T_5.10 ;
; Save base=10 wid=1 in lookaside.
    %jmp/0  T_5.5, 8;
 ; End of false expr.
    %blend  9, 10, 1; Condition unknown.
    %jmp  T_5.6;
T_5.5 ;
    %mov 9, 10, 1; Return false value
T_5.6 ;
    %set/v v0x25c0680_0, 9, 1;
    %delay 1, 0;
    %vpi_call 2 37 "$write", v0x25c0bf0_0;
    %load/v 8, v0x25c0bf0_0, 1;
    %ix/getv/s 0, v0x25c09c0_0;
    %jmp/1 t_0, 4;
    %set/x0 v0x25c0860_0, 8, 1;
t_0 ;
    %load/v 8, v0x25c0730_0, 32;
    %mov 40, 39, 1;
    %addi 8, 1, 33;
    %set/v v0x25c0730_0, 8, 32;
    %load/v 8, v0x25c0730_0, 32;
    %load/v 40, v0x25c07b0_0, 32;
    %cmp/u 8, 40, 32;
    %jmp/0xz  T_5.11, 4;
    %set/v v0x25c0730_0, 0, 32;
T_5.11 ;
    %load/v 8, v0x25c09c0_0, 32;
    %subi 8, 1, 32;
    %set/v v0x25c09c0_0, 8, 32;
    %jmp T_5.0;
T_5.1 ;
    %vpi_call 2 50 "$write", "\012";
    %vpi_call 2 53 "$display", "mensagem decifrada = ";
    %movi 8, 63, 32;
    %set/v v0x25c09c0_0, 8, 32;
T_5.13 ;
    %load/v 8, v0x25c09c0_0, 32;
    %cmp/s 0, 8, 32;
    %or 5, 4, 1;
    %jmp/0xz T_5.14, 5;
    %ix/getv/s 1, v0x25c09c0_0;
    %jmp/1 T_5.15, 4;
    %load/x1p 8, v0x25c0860_0, 1;
    %jmp T_5.16;
T_5.15 ;
    %mov 8, 2, 1;
T_5.16 ;
; Save base=8 wid=1 in lookaside.
    %set/v v0x25c05b0_0, 8, 1;
    %movi 8, 32, 32;
    %load/v 40, v0x25c09c0_0, 32;
    %cmp/s 8, 40, 32;
    %or 5, 4, 1;
    %mov 8, 5, 1;
    %jmp/0  T_5.17, 8;
    %load/v 9, v0x25c09c0_0, 32;
    %subi 9, 32, 32;
    %ix/get/s 1, 9, 32;
    %jmp/1 T_5.20, 4;
    %load/x1p 9, v0x25c0b50_0, 1;
    %jmp T_5.21;
T_5.20 ;
    %mov 9, 2, 1;
T_5.21 ;
; Save base=9 wid=1 in lookaside.
    %jmp/1  T_5.19, 8;
T_5.17 ; End of true expr.
    %ix/getv/s 1, v0x25c09c0_0;
    %jmp/1 T_5.22, 4;
    %load/x1p 10, v0x25c0b50_0, 1;
    %jmp T_5.23;
T_5.22 ;
    %mov 10, 2, 1;
T_5.23 ;
; Save base=10 wid=1 in lookaside.
    %jmp/0  T_5.18, 8;
 ; End of false expr.
    %blend  9, 10, 1; Condition unknown.
    %jmp  T_5.19;
T_5.18 ;
    %mov 9, 10, 1; Return false value
T_5.19 ;
    %set/v v0x25c0680_0, 9, 1;
    %delay 1, 0;
    %vpi_call 2 58 "$write", v0x25c0bf0_0;
    %load/v 8, v0x25c0bf0_0, 1;
    %ix/getv/s 0, v0x25c09c0_0;
    %jmp/1 t_1, 4;
    %set/x0 v0x25c08e0_0, 8, 1;
t_1 ;
    %load/v 8, v0x25c0730_0, 32;
    %mov 40, 39, 1;
    %addi 8, 1, 33;
    %set/v v0x25c0730_0, 8, 32;
    %load/v 8, v0x25c0730_0, 32;
    %load/v 40, v0x25c07b0_0, 32;
    %cmp/u 8, 40, 32;
    %jmp/0xz  T_5.24, 4;
    %set/v v0x25c0730_0, 0, 32;
T_5.24 ;
    %load/v 8, v0x25c09c0_0, 32;
    %subi 8, 1, 32;
    %set/v v0x25c09c0_0, 8, 32;
    %jmp T_5.13;
T_5.14 ;
    %vpi_call 2 71 "$display", "(%s)", v0x25c08e0_0;
    %vpi_call 2 72 "$finish";
    %end;
    .thread T_5;
    .scope S_0x25a6850;
T_6 ;
    %wait E_0x25c0cd0;
    %load/v 8, v0x25c1070_0, 1;
    %jmp/0xz  T_6.0, 8;
    %ix/load 0, 64, 0;
    %assign/v0 v0x25c0d20_0, 0, 0;
    %ix/load 0, 64, 0;
    %assign/v0 v0x25c0e80_0, 0, 0;
    %jmp T_6.1;
T_6.0 ;
    %load/v 8, v0x25c0f20_0, 64;
    %mov 72, 0, 32;
    %load/v 104, v0x25c0fd0_0, 32;
    %xor 8, 72, 64;
    %ix/load 0, 64, 0;
    %assign/v0 v0x25c1110_0, 0, 8;
    %load/v 8, v0x25c1110_0, 64;
    %ix/load 0, 64, 0;
    %assign/v0 v0x25c0d20_0, 0, 8;
    %load/v 8, v0x25c1110_0, 64;
    %mov 72, 0, 32;
    %load/v 104, v0x25c0fd0_0, 32;
    %xor 8, 72, 64;
    %ix/load 0, 64, 0;
    %assign/v0 v0x25c0e80_0, 0, 8;
T_6.1 ;
    %jmp T_6;
    .thread T_6;
# The file index is used to find the file name in the following table.
:file_names 4;
    "N/A";
    "<interactive>";
    "testbench.sv";
    "design.sv";
