#! /usr/share/iverilog-0.9.7/bin/vvp
:ivl_version "0.9.7 " "(v0_9_6)";
:vpi_time_precision + 0;
:vpi_module "system";
:vpi_module "v2005_math";
:vpi_module "va_math";
S_0x17b4320 .scope module, "ff_d_sinc_tb" "ff_d_sinc_tb" 2 2;
 .timescale 0 0;
v0x17c71e0_0 .var "clk", 0 0;
v0x17c72b0_0 .var "d", 0 0;
v0x17c7360_0 .var "en", 0 0;
v0x17c7410_0 .net "q", 0 0, v0x17c7090_0; 1 drivers
v0x17c74f0_0 .var "reset", 0 0;
S_0x17b4410 .scope module, "ff_d_inst" "ff_d_sinc" 2 6, 3 8, S_0x17b4320;
 .timescale 0 0;
v0x1791fc0_0 .net "clk", 0 0, v0x17c71e0_0; 1 drivers
v0x17c6f50_0 .net "d", 0 0, v0x17c72b0_0; 1 drivers
v0x17c6ff0_0 .net "en", 0 0, v0x17c7360_0; 1 drivers
v0x17c7090_0 .var "q", 0 0;
v0x17c7140_0 .net "reset", 0 0, v0x17c74f0_0; 1 drivers
E_0x1791970 .event posedge, v0x1791fc0_0;
    .scope S_0x17b4410;
T_0 ;
    %wait E_0x1791970;
    %load/v 8, v0x17c7140_0, 1;
    %jmp/0xz  T_0.0, 8;
    %ix/load 0, 1, 0;
    %assign/v0 v0x17c7090_0, 0, 0;
    %jmp T_0.1;
T_0.0 ;
    %load/v 8, v0x17c6ff0_0, 1;
    %jmp/0xz  T_0.2, 8;
    %load/v 8, v0x17c6f50_0, 1;
    %ix/load 0, 1, 0;
    %assign/v0 v0x17c7090_0, 0, 8;
T_0.2 ;
T_0.1 ;
    %jmp T_0;
    .thread T_0;
    .scope S_0x17b4320;
T_1 ;
    %delay 2, 0;
    %load/v 8, v0x17c71e0_0, 1;
    %inv 8, 1;
    %set/v v0x17c71e0_0, 8, 1;
    %jmp T_1;
    .thread T_1;
    .scope S_0x17b4320;
T_2 ;
    %set/v v0x17c71e0_0, 0, 1;
    %set/v v0x17c72b0_0, 0, 1;
    %set/v v0x17c7360_0, 1, 1;
    %set/v v0x17c74f0_0, 0, 1;
    %delay 4, 0;
    %set/v v0x17c72b0_0, 1, 1;
    %delay 4, 0;
    %set/v v0x17c72b0_0, 0, 1;
    %delay 4, 0;
    %set/v v0x17c72b0_0, 1, 1;
    %delay 4, 0;
    %set/v v0x17c72b0_0, 0, 1;
    %delay 4, 0;
    %set/v v0x17c72b0_0, 1, 1;
    %delay 4, 0;
    %set/v v0x17c72b0_0, 0, 1;
    %delay 20, 0;
    %vpi_call 2 24 "$finish";
    %end;
    .thread T_2;
    .scope S_0x17b4320;
T_3 ;
    %wait E_0x1791970;
    %vpi_call 2 29 "$display", "Tempo %t, q = %b", $time, v0x17c7410_0;
    %jmp T_3;
    .thread T_3;
    .scope S_0x17b4320;
T_4 ;
    %vpi_call 2 34 "$dumpfile", "waveform.vcd";
    %vpi_call 2 35 "$dumpvars";
    %delay 5, 0;
    %set/v v0x17c74f0_0, 0, 1;
    %delay 5, 0;
    %set/v v0x17c7360_0, 1, 1;
    %end;
    .thread T_4;
# The file index is used to find the file name in the following table.
:file_names 4;
    "N/A";
    "<interactive>";
    "testbench.sv";
    "design.sv";
